[debug] [2022-09-22T17:39:07.114Z] ----------------------------------------------------------------------
[debug] [2022-09-22T17:39:07.117Z] Command:       C:\Program Files\nodejs\node.exe C:\Users\khush\AppData\Roaming\npm\node_modules\firebase-tools\lib\bin\firebase.js emulators:start
[debug] [2022-09-22T17:39:07.118Z] CLI Version:   11.1.0
[debug] [2022-09-22T17:39:07.118Z] Platform:      win32
[debug] [2022-09-22T17:39:07.118Z] Node Version:  v16.15.1
[debug] [2022-09-22T17:39:07.120Z] Time:          Thu Sep 22 2022 23:09:07 GMT+0530 (India Standard Time)
[debug] [2022-09-22T17:39:07.120Z] ----------------------------------------------------------------------
[debug] 
[debug] [2022-09-22T17:39:07.232Z] > command requires scopes: ["email","openid","https://www.googleapis.com/auth/cloudplatformprojects.readonly","https://www.googleapis.com/auth/firebase","https://www.googleapis.com/auth/cloud-platform"]
[debug] [2022-09-22T17:39:07.233Z] > authorizing via signed-in user (farazkhushtar077@gmail.com)
[info] i  emulators: Starting emulators: functions {"metadata":{"emulator":{"name":"hub"},"message":"Starting emulators: functions"}}
[warn] !  emulators: It seems that you are running multiple instances of the emulator suite for project airbnb-react-build. This may result in unexpected behavior. 
[debug] [2022-09-22T17:39:07.379Z] [hub] writing locator at C:\Users\khush\AppData\Local\Temp\hub-airbnb-react-build.json
[warn] !  functions: The following emulators are not running, calls to these services from the Functions emulator will affect production: auth, firestore, database, hosting, pubsub, storage {"metadata":{"emulator":{"name":"functions"},"message":"The following emulators are not running, calls to these services from the Functions emulator will affect production: \u001b[1mauth, firestore, database, hosting, pubsub, storage\u001b[22m"}}
[info] +  functions: Using node@16 from host. {"metadata":{"emulator":{"name":"functions"},"message":"Using node@16 from host."}}
[debug] [2022-09-22T17:39:07.711Z] defaultcredentials: writing to file C:\Users\khush\AppData\Roaming\firebase\farazkhushtar077_gmail_com_application_default_credentials.json
[debug] [2022-09-22T17:39:07.722Z] Setting GAC to C:\Users\khush\AppData\Roaming\firebase\farazkhushtar077_gmail_com_application_default_credentials.json {"metadata":{"emulator":{"name":"functions"},"message":"Setting GAC to C:\\Users\\khush\\AppData\\Roaming\\firebase\\farazkhushtar077_gmail_com_application_default_credentials.json"}}
[debug] [2022-09-22T17:39:07.726Z] > refreshing access token with scopes: []
[debug] [2022-09-22T17:39:07.730Z] >>> [apiv2][query] POST https://www.googleapis.com/oauth2/v3/token [none]
[debug] [2022-09-22T17:39:07.730Z] >>> [apiv2][body] POST https://www.googleapis.com/oauth2/v3/token [omitted]
[debug] [2022-09-22T17:39:08.419Z] <<< [apiv2][status] POST https://www.googleapis.com/oauth2/v3/token 200
[debug] [2022-09-22T17:39:08.420Z] <<< [apiv2][body] POST https://www.googleapis.com/oauth2/v3/token [omitted]
[debug] [2022-09-22T17:39:08.439Z] >>> [apiv2][query] GET https://firebase.googleapis.com/v1beta1/projects/airbnb-react-build/adminSdkConfig [none]
[debug] [2022-09-22T17:39:09.388Z] <<< [apiv2][status] GET https://firebase.googleapis.com/v1beta1/projects/airbnb-react-build/adminSdkConfig 200
[debug] [2022-09-22T17:39:09.388Z] <<< [apiv2][body] GET https://firebase.googleapis.com/v1beta1/projects/airbnb-react-build/adminSdkConfig {"projectId":"airbnb-react-build","storageBucket":"airbnb-react-build.appspot.com"}
[warn] !  ui: Emulator UI unable to start on port 4000, starting on 4003 instead. {"metadata":{"emulator":{"name":"ui"},"message":"Emulator UI unable to start on port 4000, starting on 4003 instead."}}
[debug] [2022-09-22T17:39:09.460Z] Ignoring unsupported arg: auto_download {"metadata":{"emulator":{"name":"ui"},"message":"Ignoring unsupported arg: auto_download"}}
[debug] [2022-09-22T17:39:09.460Z] Ignoring unsupported arg: port {"metadata":{"emulator":{"name":"ui"},"message":"Ignoring unsupported arg: port"}}
[debug] [2022-09-22T17:39:09.460Z] Starting Emulator UI with command {"binary":"node","args":["--dns-result-order=ipv4first","C:\\Users\\khush\\.cache\\firebase\\emulators\\ui-v1.7.0\\server.bundle.js"],"optionalArgs":[],"joinArgs":false} {"metadata":{"emulator":{"name":"ui"},"message":"Starting Emulator UI with command {\"binary\":\"node\",\"args\":[\"--dns-result-order=ipv4first\",\"C:\\\\Users\\\\khush\\\\.cache\\\\firebase\\\\emulators\\\\ui-v1.7.0\\\\server.bundle.js\"],\"optionalArgs\":[],\"joinArgs\":false}"}}
[info] i  ui: Emulator UI logging to ui-debug.log {"metadata":{"emulator":{"name":"ui"},"message":"Emulator UI logging to \u001b[1mui-debug.log\u001b[22m"}}
[debug] [2022-09-22T17:39:09.691Z] Web / API server started at localhost:4003
 {"metadata":{"emulator":{"name":"ui"},"message":"Web / API server started at localhost:4003\n"}}
[info] i  functions: Watching "H:\builds\airbnb-react-build\functions" for Cloud Functions... {"metadata":{"emulator":{"name":"functions"},"message":"Watching \"H:\\builds\\airbnb-react-build\\functions\" for Cloud Functions..."}}
[debug] [2022-09-22T17:39:09.758Z] Validating nodejs source
[warn] !  functions: package.json indicates an outdated version of firebase-functions. Please upgrade using npm install --save firebase-functions@latest in your functions directory. 
[debug] [2022-09-22T17:39:14.874Z] > [functions] package.json contents: {
  "name": "functions",
  "description": "Cloud Functions for Firebase",
  "scripts": {
    "lint": "eslint .",
    "serve": "firebase emulators:start --only functions",
    "shell": "firebase functions:shell",
    "start": "npm run shell",
    "deploy": "firebase deploy --only functions",
    "logs": "firebase functions:log"
  },
  "engines": {
    "node": "16"
  },
  "main": "index.js",
  "dependencies": {
    "cors": "^2.8.5",
    "express": "^4.18.1",
    "firebase-admin": "^10.0.2",
    "firebase-functions": "^3.18.0",
    "node-fetch": "^2.6.1",
    "stripe": "^9.16.0"
  },
  "devDependencies": {
    "eslint": "^8.9.0",
    "eslint-config-google": "^0.14.0",
    "firebase-functions-test": "^0.2.0"
  },
  "private": true
}
[debug] [2022-09-22T17:39:14.874Z] Building nodejs source
[debug] [2022-09-22T17:39:14.875Z] Analyzing nodejs backend spec
[debug] [2022-09-22T17:39:14.876Z] Could not find functions.yaml. Must use http discovery
